1616986709060	geckodriver	INFO	Listening on 127.0.0.1:62357
1616986710067	mozrunner::runner	INFO	Running command: "/Applications/Firefox.app/Contents/MacOS/firefox-bin" "--marionette" "-headless" "-foreground" "-no-remote" "-profile" "/var/folders/sp/md_f_4_n2x5dynv8ffbzb5240000gn/T/rust_mozprofileHCkamn"
*** You are running in headless mode.
console.warn: SearchSettings: "get: No settings file exists, new profile?" (new Error("", "(unknown module)"))
1616986713498	Marionette	INFO	Listening on port 62367
1616986713598	Marionette	WARN	TLS certificate errors will be ignored for this session
JavaScript warning: https://www.monster.com/assets/jobs/static/js/0.3ca3e385.chunk.js, line 1: Failed to create WebGL context: WebGL creation failed: 
* Can't use WebGL in headless mode (https://bugzil.la/1375585).
JavaScript warning: https://www.monster.com/assets/jobs/static/js/0.3ca3e385.chunk.js, line 1: Failed to create WebGL context: WebGL creation failed: 
* Can't use WebGL in headless mode (https://bugzil.la/1375585).
Exiting due to channel error.
Exiting due to channel error.
Exiting due to channel error.
1616988520113	geckodriver	INFO	Listening on 127.0.0.1:64377
1616988521133	mozrunner::runner	INFO	Running command: "/Applications/Firefox.app/Contents/MacOS/firefox-bin" "--marionette" "-headless" "-foreground" "-no-remote" "-profile" "/var/folders/sp/md_f_4_n2x5dynv8ffbzb5240000gn/T/rust_mozprofilenv2qxy"
*** You are running in headless mode.
console.warn: SearchSettings: "get: No settings file exists, new profile?" (new Error("", "(unknown module)"))
1616988524054	Marionette	INFO	Listening on port 64384
1616988524168	Marionette	WARN	TLS certificate errors will be ignored for this session
JavaScript warning: https://www.monster.com/assets/jobs/static/js/0.3ca3e385.chunk.js, line 1: Failed to create WebGL context: WebGL creation failed: 
* Can't use WebGL in headless mode (https://bugzil.la/1375585).
JavaScript warning: https://www.monster.com/assets/jobs/static/js/0.3ca3e385.chunk.js, line 1: Failed to create WebGL context: WebGL creation failed: 
* Can't use WebGL in headless mode (https://bugzil.la/1375585).
JavaScript error: https://cdn.cookielaw.org/scripttemplates/otSDKStub.js, line 1: SyntaxError: JSON.parse: unexpected end of data at line 1 column 1 of the JSON data
Exiting due to channel error.
Exiting due to channel error.
Exiting due to channel error.
1616988637044	geckodriver	INFO	Listening on 127.0.0.1:64553
1616988638065	mozrunner::runner	INFO	Running command: "/Applications/Firefox.app/Contents/MacOS/firefox-bin" "--marionette" "-headless" "-foreground" "-no-remote" "-profile" "/var/folders/sp/md_f_4_n2x5dynv8ffbzb5240000gn/T/rust_mozprofileClG5q2"
*** You are running in headless mode.
console.warn: SearchSettings: "get: No settings file exists, new profile?" (new Error("", "(unknown module)"))
1616988640558	Marionette	INFO	Listening on port 64560
1616988640664	Marionette	WARN	TLS certificate errors will be ignored for this session
JavaScript warning: https://www.monster.com/assets/jobs/static/js/0.3ca3e385.chunk.js, line 1: Failed to create WebGL context: WebGL creation failed: 
* Can't use WebGL in headless mode (https://bugzil.la/1375585).
JavaScript warning: https://www.monster.com/assets/jobs/static/js/0.3ca3e385.chunk.js, line 1: Failed to create WebGL context: WebGL creation failed: 
* Can't use WebGL in headless mode (https://bugzil.la/1375585).
JavaScript error: https://cdn.cookielaw.org/scripttemplates/otSDKStub.js, line 1: SyntaxError: JSON.parse: unexpected end of data at line 1 column 1 of the JSON data
JavaScript error: https://cdn.cookielaw.org/scripttemplates/otSDKStub.js, line 1: SyntaxError: JSON.parse: unexpected end of data at line 1 column 1 of the JSON data
JavaScript error: https://cdn.cookielaw.org/scripttemplates/otSDKStub.js, line 1: SyntaxError: JSON.parse: unexpected end of data at line 1 column 1 of the JSON data
JavaScript error: https://cdn.cookielaw.org/scripttemplates/otSDKStub.js, line 1: SyntaxError: JSON.parse: unexpected end of data at line 1 column 1 of the JSON data
JavaScript error: https://cdn.cookielaw.org/scripttemplates/otSDKStub.js, line 1: SyntaxError: JSON.parse: unexpected end of data at line 1 column 1 of the JSON data
Exiting due to channel error.
Exiting due to channel error.
Exiting due to channel error.
1616989044675	geckodriver	INFO	Listening on 127.0.0.1:64945
1616989045695	mozrunner::runner	INFO	Running command: "/Applications/Firefox.app/Contents/MacOS/firefox-bin" "--marionette" "-headless" "-foreground" "-no-remote" "-profile" "/var/folders/sp/md_f_4_n2x5dynv8ffbzb5240000gn/T/rust_mozprofileltFvHg"
*** You are running in headless mode.
console.warn: SearchSettings: "get: No settings file exists, new profile?" (new Error("", "(unknown module)"))
1616989048045	Marionette	INFO	Listening on port 64952
1616989048102	Marionette	WARN	TLS certificate errors will be ignored for this session
1616989075172	geckodriver	INFO	Listening on 127.0.0.1:65078
1616989076186	mozrunner::runner	INFO	Running command: "/Applications/Firefox.app/Contents/MacOS/firefox-bin" "--marionette" "-headless" "-foreground" "-no-remote" "-profile" "/var/folders/sp/md_f_4_n2x5dynv8ffbzb5240000gn/T/rust_mozprofileSTRkFd"
*** You are running in headless mode.
console.warn: SearchSettings: "get: No settings file exists, new profile?" (new Error("", "(unknown module)"))
1616989078688	Marionette	INFO	Listening on port 65085
1616989078772	Marionette	WARN	TLS certificate errors will be ignored for this session
1616989193839	geckodriver	INFO	Listening on 127.0.0.1:65186
1616989194851	mozrunner::runner	INFO	Running command: "/Applications/Firefox.app/Contents/MacOS/firefox-bin" "--marionette" "-headless" "-foreground" "-no-remote" "-profile" "/var/folders/sp/md_f_4_n2x5dynv8ffbzb5240000gn/T/rust_mozprofileMKN3CK"
*** You are running in headless mode.
console.warn: SearchSettings: "get: No settings file exists, new profile?" (new Error("", "(unknown module)"))
1616989197265	Marionette	INFO	Listening on port 65193
1616989197359	Marionette	WARN	TLS certificate errors will be ignored for this session
JavaScript warning: https://www.monster.com/assets/jobs/static/js/0.3ca3e385.chunk.js, line 1: Failed to create WebGL context: WebGL creation failed: 
* Can't use WebGL in headless mode (https://bugzil.la/1375585).
JavaScript warning: https://www.monster.com/assets/jobs/static/js/0.3ca3e385.chunk.js, line 1: Failed to create WebGL context: WebGL creation failed: 
* Can't use WebGL in headless mode (https://bugzil.la/1375585).
JavaScript error: https://cdn.cookielaw.org/scripttemplates/otSDKStub.js, line 1: SyntaxError: JSON.parse: unexpected end of data at line 1 column 1 of the JSON data
JavaScript error: https://cdn.cookielaw.org/scripttemplates/otSDKStub.js, line 1: SyntaxError: JSON.parse: unexpected end of data at line 1 column 1 of the JSON data
JavaScript error: https://cdn.cookielaw.org/scripttemplates/otSDKStub.js, line 1: SyntaxError: JSON.parse: unexpected end of data at line 1 column 1 of the JSON data
[GFX1-]: Receive IPC close with reason=AbnormalShutdown
Exiting due to channel error.
Exiting due to channel error.
Exiting due to channel error.
1616989263892	geckodriver	INFO	Listening on 127.0.0.1:65330
1616989264904	mozrunner::runner	INFO	Running command: "/Applications/Firefox.app/Contents/MacOS/firefox-bin" "--marionette" "-headless" "-foreground" "-no-remote" "-profile" "/var/folders/sp/md_f_4_n2x5dynv8ffbzb5240000gn/T/rust_mozprofile91N1mu"
*** You are running in headless mode.
console.warn: SearchSettings: "get: No settings file exists, new profile?" (new Error("", "(unknown module)"))
1616989267418	Marionette	INFO	Listening on port 65337
1616989267511	Marionette	WARN	TLS certificate errors will be ignored for this session
JavaScript warning: https://www.monster.com/assets/jobs/static/js/0.3ca3e385.chunk.js, line 1: Failed to create WebGL context: WebGL creation failed: 
* Can't use WebGL in headless mode (https://bugzil.la/1375585).
JavaScript warning: https://www.monster.com/assets/jobs/static/js/0.3ca3e385.chunk.js, line 1: Failed to create WebGL context: WebGL creation failed: 
* Can't use WebGL in headless mode (https://bugzil.la/1375585).
JavaScript error: https://cdn.cookielaw.org/scripttemplates/otSDKStub.js, line 1: SyntaxError: JSON.parse: unexpected end of data at line 1 column 1 of the JSON data
JavaScript error: https://cdn.cookielaw.org/scripttemplates/otSDKStub.js, line 1: SyntaxError: JSON.parse: unexpected end of data at line 1 column 1 of the JSON data
JavaScript error: https://cdn.cookielaw.org/scripttemplates/otSDKStub.js, line 1: SyntaxError: JSON.parse: unexpected end of data at line 1 column 1 of the JSON data
JavaScript error: https://cdn.cookielaw.org/scripttemplates/otSDKStub.js, line 1: SyntaxError: JSON.parse: unexpected end of data at line 1 column 1 of the JSON data
JavaScript error: https://cdn.cookielaw.org/scripttemplates/otSDKStub.js, line 1: SyntaxError: JSON.parse: unexpected end of data at line 1 column 1 of the JSON data
console.log: WebExtensions: reset-default-search: No addons in our list are installed.
console.log: WebExtensions: reset-default-search: No addons in our list are installed.
JavaScript error: https://cdn.cookielaw.org/scripttemplates/otSDKStub.js, line 1: SyntaxError: JSON.parse: unexpected end of data at line 1 column 1 of the JSON data
JavaScript error: https://cdn.cookielaw.org/scripttemplates/otSDKStub.js, line 1: SyntaxError: JSON.parse: unexpected end of data at line 1 column 1 of the JSON data
console.log: WebExtensions: reset-default-search: No addons in our list are installed.
JavaScript error: https://cdn.cookielaw.org/scripttemplates/otSDKStub.js, line 1: SyntaxError: JSON.parse: unexpected end of data at line 1 column 1 of the JSON data
JavaScript error: https://cdn.cookielaw.org/scripttemplates/otSDKStub.js, line 1: SyntaxError: JSON.parse: unexpected end of data at line 1 column 1 of the JSON data
JavaScript error: https://cdn.cookielaw.org/scripttemplates/otSDKStub.js, line 1: SyntaxError: JSON.parse: unexpected end of data at line 1 column 1 of the JSON data
JavaScript error: https://cdn.cookielaw.org/scripttemplates/otSDKStub.js, line 1: SyntaxError: JSON.parse: unexpected end of data at line 1 column 1 of the JSON data
1616990323801	geckodriver	INFO	Listening on 127.0.0.1:49628
1616990324807	mozrunner::runner	INFO	Running command: "/Applications/Firefox.app/Contents/MacOS/firefox-bin" "--marionette" "-headless" "-foreground" "-no-remote" "-profile" "/var/folders/sp/md_f_4_n2x5dynv8ffbzb5240000gn/T/rust_mozprofiletk9WJm"
*** You are running in headless mode.
console.warn: SearchSettings: "get: No settings file exists, new profile?" (new Error("", "(unknown module)"))
1616990327537	Marionette	INFO	Listening on port 49636
1616990327628	Marionette	WARN	TLS certificate errors will be ignored for this session
JavaScript warning: https://www.monster.com/assets/jobs/static/js/0.3ca3e385.chunk.js, line 1: Failed to create WebGL context: WebGL creation failed: 
* Can't use WebGL in headless mode (https://bugzil.la/1375585).
JavaScript warning: https://www.monster.com/assets/jobs/static/js/0.3ca3e385.chunk.js, line 1: Failed to create WebGL context: WebGL creation failed: 
* Can't use WebGL in headless mode (https://bugzil.la/1375585).
JavaScript error: https://cdn.cookielaw.org/scripttemplates/otSDKStub.js, line 1: SyntaxError: JSON.parse: unexpected end of data at line 1 column 1 of the JSON data
Exiting due to channel error.
Exiting due to channel error.
[GFX1-]: Receive IPC close with reason=AbnormalShutdown
Exiting due to channel error.
1617071263842	geckodriver	INFO	Listening on 127.0.0.1:54264
1617071264817	mozrunner::runner	INFO	Running command: "/Applications/Firefox.app/Contents/MacOS/firefox-bin" "--marionette" "-headless" "-foreground" "-no-remote" "-profile" "/var/folders/sp/md_f_4_n2x5dynv8ffbzb5240000gn/T/rust_mozprofile4Rrzyx"
*** You are running in headless mode.
console.warn: SearchSettings: "get: No settings file exists, new profile?" (new Error("", "(unknown module)"))
1617071267831	Marionette	INFO	Listening on port 54271
1617071267942	Marionette	WARN	TLS certificate errors will be ignored for this session
JavaScript warning: https://www.monster.com/assets/jobs/static/js/0.3ca3e385.chunk.js, line 1: Failed to create WebGL context: WebGL creation failed: 
* Can't use WebGL in headless mode (https://bugzil.la/1375585).
JavaScript warning: https://www.monster.com/assets/jobs/static/js/0.3ca3e385.chunk.js, line 1: Failed to create WebGL context: WebGL creation failed: 
* Can't use WebGL in headless mode (https://bugzil.la/1375585).
Exiting due to channel error.
Exiting due to channel error.
Exiting due to channel error.
1617120299575	geckodriver	INFO	Listening on 127.0.0.1:57390
1617120300587	mozrunner::runner	INFO	Running command: "/Applications/Firefox.app/Contents/MacOS/firefox-bin" "--marionette" "-headless" "-foreground" "-no-remote" "-profile" "/var/folders/sp/md_f_4_n2x5dynv8ffbzb5240000gn/T/rust_mozprofilexb1Wmn"
*** You are running in headless mode.
console.warn: SearchSettings: "get: No settings file exists, new profile?" (new Error("", "(unknown module)"))
1617120303959	Marionette	INFO	Listening on port 57397
1617120304035	Marionette	WARN	TLS certificate errors will be ignored for this session
JavaScript warning: https://www.monster.com/assets/jobs/static/js/0.7329d15d.chunk.js, line 1: Failed to create WebGL context: WebGL creation failed: 
* Can't use WebGL in headless mode (https://bugzil.la/1375585).
JavaScript warning: https://www.monster.com/assets/jobs/static/js/0.7329d15d.chunk.js, line 1: Failed to create WebGL context: WebGL creation failed: 
* Can't use WebGL in headless mode (https://bugzil.la/1375585).
JavaScript error: https://cdn.cookielaw.org/scripttemplates/otSDKStub.js, line 1: SyntaxError: JSON.parse: unexpected end of data at line 1 column 1 of the JSON data
JavaScript error: https://cdn.cookielaw.org/scripttemplates/otSDKStub.js, line 1: SyntaxError: JSON.parse: unexpected end of data at line 1 column 1 of the JSON data
JavaScript error: https://cdn.cookielaw.org/scripttemplates/otSDKStub.js, line 1: SyntaxError: JSON.parse: unexpected end of data at line 1 column 1 of the JSON data
JavaScript error: https://cdn.cookielaw.org/scripttemplates/otSDKStub.js, line 1: SyntaxError: JSON.parse: unexpected end of data at line 1 column 1 of the JSON data
JavaScript error: https://cdn.cookielaw.org/scripttemplates/otSDKStub.js, line 1: SyntaxError: JSON.parse: unexpected end of data at line 1 column 1 of the JSON data
JavaScript error: https://cdn.cookielaw.org/scripttemplates/otSDKStub.js, line 1: SyntaxError: JSON.parse: unexpected end of data at line 1 column 1 of the JSON data
JavaScript error: https://cdn.cookielaw.org/scripttemplates/otSDKStub.js, line 1: SyntaxError: JSON.parse: unexpected end of data at line 1 column 1 of the JSON data
Exiting due to channel error.
Exiting due to channel error.
Exiting due to channel error.
1617120493383	geckodriver	INFO	Listening on 127.0.0.1:57606
1617120494398	mozrunner::runner	INFO	Running command: "/Applications/Firefox.app/Contents/MacOS/firefox-bin" "--marionette" "-headless" "-foreground" "-no-remote" "-profile" "/var/folders/sp/md_f_4_n2x5dynv8ffbzb5240000gn/T/rust_mozprofilepitGJW"
*** You are running in headless mode.
console.warn: SearchSettings: "get: No settings file exists, new profile?" (new Error("", "(unknown module)"))
1617120496936	Marionette	INFO	Listening on port 57613
1617120497008	Marionette	WARN	TLS certificate errors will be ignored for this session
JavaScript warning: https://www.monster.com/assets/jobs/static/js/0.7329d15d.chunk.js, line 1: Failed to create WebGL context: WebGL creation failed: 
* Can't use WebGL in headless mode (https://bugzil.la/1375585).
JavaScript warning: https://www.monster.com/assets/jobs/static/js/0.7329d15d.chunk.js, line 1: Failed to create WebGL context: WebGL creation failed: 
* Can't use WebGL in headless mode (https://bugzil.la/1375585).
JavaScript error: https://cdn.cookielaw.org/scripttemplates/otSDKStub.js, line 1: SyntaxError: JSON.parse: unexpected end of data at line 1 column 1 of the JSON data
JavaScript error: https://cdn.cookielaw.org/scripttemplates/otSDKStub.js, line 1: SyntaxError: JSON.parse: unexpected end of data at line 1 column 1 of the JSON data
JavaScript error: https://cdn.cookielaw.org/scripttemplates/otSDKStub.js, line 1: SyntaxError: JSON.parse: unexpected end of data at line 1 column 1 of the JSON data
JavaScript error: https://cdn.cookielaw.org/scripttemplates/otSDKStub.js, line 1: SyntaxError: JSON.parse: unexpected end of data at line 1 column 1 of the JSON data
JavaScript error: https://cdn.cookielaw.org/scripttemplates/otSDKStub.js, line 1: SyntaxError: JSON.parse: unexpected end of data at line 1 column 1 of the JSON data
JavaScript error: https://cdn.cookielaw.org/scripttemplates/otSDKStub.js, line 1: SyntaxError: JSON.parse: unexpected end of data at line 1 column 1 of the JSON data
JavaScript error: https://cdn.cookielaw.org/scripttemplates/otSDKStub.js, line 1: SyntaxError: JSON.parse: unexpected end of data at line 1 column 1 of the JSON data
JavaScript error: https://cdn.cookielaw.org/scripttemplates/otSDKStub.js, line 1: SyntaxError: JSON.parse: unexpected end of data at line 1 column 1 of the JSON data
JavaScript error: https://cdn.cookielaw.org/scripttemplates/otSDKStub.js, line 1: SyntaxError: JSON.parse: unexpected end of data at line 1 column 1 of the JSON data
JavaScript error: https://cdn.cookielaw.org/scripttemplates/otSDKStub.js, line 1: SyntaxError: JSON.parse: unexpected end of data at line 1 column 1 of the JSON data
JavaScript error: https://cdn.cookielaw.org/scripttemplates/otSDKStub.js, line 1: SyntaxError: JSON.parse: unexpected end of data at line 1 column 1 of the JSON data
JavaScript error: https://cdn.cookielaw.org/scripttemplates/otSDKStub.js, line 1: SyntaxError: JSON.parse: unexpected end of data at line 1 column 1 of the JSON data
JavaScript error: https://cdn.cookielaw.org/scripttemplates/otSDKStub.js, line 1: SyntaxError: JSON.parse: unexpected end of data at line 1 column 1 of the JSON data
JavaScript error: https://cdn.cookielaw.org/scripttemplates/otSDKStub.js, line 1: SyntaxError: JSON.parse: unexpected end of data at line 1 column 1 of the JSON data
JavaScript error: https://cdn.cookielaw.org/scripttemplates/otSDKStub.js, line 1: SyntaxError: JSON.parse: unexpected end of data at line 1 column 1 of the JSON data
console.log: WebExtensions: reset-default-search: No addons in our list are installed.
JavaScript error: https://cdn.cookielaw.org/scripttemplates/otSDKStub.js, line 1: SyntaxError: JSON.parse: unexpected end of data at line 1 column 1 of the JSON data
JavaScript error: https://cdn.cookielaw.org/scripttemplates/otSDKStub.js, line 1: SyntaxError: JSON.parse: unexpected end of data at line 1 column 1 of the JSON data
JavaScript error: https://cdn.cookielaw.org/scripttemplates/otSDKStub.js, line 1: SyntaxError: JSON.parse: unexpected end of data at line 1 column 1 of the JSON data
JavaScript error: https://cdn.cookielaw.org/scripttemplates/otSDKStub.js, line 1: SyntaxError: JSON.parse: unexpected end of data at line 1 column 1 of the JSON data
JavaScript error: https://cdn.cookielaw.org/scripttemplates/otSDKStub.js, line 1: SyntaxError: JSON.parse: unexpected end of data at line 1 column 1 of the JSON data
JavaScript error: https://cdn.cookielaw.org/scripttemplates/otSDKStub.js, line 1: SyntaxError: JSON.parse: unexpected end of data at line 1 column 1 of the JSON data
JavaScript error: https://cdn.cookielaw.org/scripttemplates/otSDKStub.js, line 1: SyntaxError: JSON.parse: unexpected end of data at line 1 column 1 of the JSON data
1617122103248	geckodriver	INFO	Listening on 127.0.0.1:61136
1617122104265	mozrunner::runner	INFO	Running command: "/Applications/Firefox.app/Contents/MacOS/firefox-bin" "--marionette" "-headless" "-foreground" "-no-remote" "-profile" "/var/folders/sp/md_f_4_n2x5dynv8ffbzb5240000gn/T/rust_mozprofilev4GFG8"
*** You are running in headless mode.
console.warn: SearchSettings: "get: No settings file exists, new profile?" (new Error("", "(unknown module)"))
1617122107905	Marionette	INFO	Listening on port 61149
1617122107935	Marionette	WARN	TLS certificate errors will be ignored for this session
JavaScript warning: https://www.monster.com/assets/jobs/static/js/0.7329d15d.chunk.js, line 1: Failed to create WebGL context: WebGL creation failed: 
* Can't use WebGL in headless mode (https://bugzil.la/1375585).
JavaScript warning: https://www.monster.com/assets/jobs/static/js/0.7329d15d.chunk.js, line 1: Failed to create WebGL context: WebGL creation failed: 
* Can't use WebGL in headless mode (https://bugzil.la/1375585).
JavaScript error: https://cdn.cookielaw.org/scripttemplates/otSDKStub.js, line 1: SyntaxError: JSON.parse: unexpected end of data at line 1 column 1 of the JSON data
JavaScript error: https://cdn.cookielaw.org/scripttemplates/otSDKStub.js, line 1: SyntaxError: JSON.parse: unexpected end of data at line 1 column 1 of the JSON data
JavaScript error: https://cdn.cookielaw.org/scripttemplates/otSDKStub.js, line 1: SyntaxError: JSON.parse: unexpected end of data at line 1 column 1 of the JSON data
JavaScript error: https://cdn.cookielaw.org/scripttemplates/otSDKStub.js, line 1: SyntaxError: JSON.parse: unexpected end of data at line 1 column 1 of the JSON data
JavaScript error: https://cdn.cookielaw.org/scripttemplates/otSDKStub.js, line 1: SyntaxError: JSON.parse: unexpected end of data at line 1 column 1 of the JSON data
JavaScript error: https://cdn.cookielaw.org/scripttemplates/otSDKStub.js, line 1: SyntaxError: JSON.parse: unexpected end of data at line 1 column 1 of the JSON data
JavaScript error: https://cdn.cookielaw.org/scripttemplates/otSDKStub.js, line 1: SyntaxError: JSON.parse: unexpected end of data at line 1 column 1 of the JSON data
JavaScript error: https://cdn.cookielaw.org/scripttemplates/otSDKStub.js, line 1: SyntaxError: JSON.parse: unexpected end of data at line 1 column 1 of the JSON data
JavaScript error: https://cdn.cookielaw.org/scripttemplates/otSDKStub.js, line 1: SyntaxError: JSON.parse: unexpected end of data at line 1 column 1 of the JSON data
JavaScript error: https://cdn.cookielaw.org/scripttemplates/otSDKStub.js, line 1: SyntaxError: JSON.parse: unexpected end of data at line 1 column 1 of the JSON data
JavaScript error: https://cdn.cookielaw.org/scripttemplates/otSDKStub.js, line 1: SyntaxError: JSON.parse: unexpected end of data at line 1 column 1 of the JSON data
JavaScript error: https://cdn.cookielaw.org/scripttemplates/otSDKStub.js, line 1: SyntaxError: JSON.parse: unexpected end of data at line 1 column 1 of the JSON data
JavaScript error: https://cdn.cookielaw.org/scripttemplates/otSDKStub.js, line 1: SyntaxError: JSON.parse: unexpected end of data at line 1 column 1 of the JSON data
JavaScript error: https://cdn.cookielaw.org/scripttemplates/otSDKStub.js, line 1: SyntaxError: JSON.parse: unexpected end of data at line 1 column 1 of the JSON data
JavaScript error: https://cdn.cookielaw.org/scripttemplates/otSDKStub.js, line 1: SyntaxError: JSON.parse: unexpected end of data at line 1 column 1 of the JSON data
JavaScript error: https://cdn.cookielaw.org/scripttemplates/otSDKStub.js, line 1: SyntaxError: JSON.parse: unexpected end of data at line 1 column 1 of the JSON data
JavaScript error: https://cdn.cookielaw.org/scripttemplates/otSDKStub.js, line 1: SyntaxError: JSON.parse: unexpected end of data at line 1 column 1 of the JSON data
JavaScript error: https://cdn.cookielaw.org/scripttemplates/otSDKStub.js, line 1: SyntaxError: JSON.parse: unexpected end of data at line 1 column 1 of the JSON data
JavaScript error: https://cdn.cookielaw.org/scripttemplates/otSDKStub.js, line 1: SyntaxError: JSON.parse: unexpected end of data at line 1 column 1 of the JSON data
console.log: WebExtensions: reset-default-search: No addons in our list are installed.
JavaScript error: https://cdn.cookielaw.org/scripttemplates/otSDKStub.js, line 1: SyntaxError: JSON.parse: unexpected end of data at line 1 column 1 of the JSON data
JavaScript error: https://cdn.cookielaw.org/scripttemplates/otSDKStub.js, line 1: SyntaxError: JSON.parse: unexpected end of data at line 1 column 1 of the JSON data
JavaScript error: https://cdn.cookielaw.org/scripttemplates/otSDKStub.js, line 1: SyntaxError: JSON.parse: unexpected end of data at line 1 column 1 of the JSON data
JavaScript error: https://cdn.cookielaw.org/scripttemplates/otSDKStub.js, line 1: SyntaxError: JSON.parse: unexpected end of data at line 1 column 1 of the JSON data
JavaScript error: https://cdn.cookielaw.org/scripttemplates/otSDKStub.js, line 1: SyntaxError: JSON.parse: unexpected end of data at line 1 column 1 of the JSON data
JavaScript error: https://cdn.cookielaw.org/scripttemplates/otSDKStub.js, line 1: SyntaxError: JSON.parse: unexpected end of data at line 1 column 1 of the JSON data
JavaScript error: https://cdn.cookielaw.org/scripttemplates/otSDKStub.js, line 1: SyntaxError: JSON.parse: unexpected end of data at line 1 column 1 of the JSON data
JavaScript error: https://cdn.cookielaw.org/scripttemplates/otSDKStub.js, line 1: SyntaxError: JSON.parse: unexpected end of data at line 1 column 1 of the JSON data
JavaScript error: https://cdn.cookielaw.org/scripttemplates/otSDKStub.js, line 1: SyntaxError: JSON.parse: unexpected end of data at line 1 column 1 of the JSON data
JavaScript error: https://cdn.cookielaw.org/scripttemplates/otSDKStub.js, line 1: SyntaxError: JSON.parse: unexpected end of data at line 1 column 1 of the JSON data
JavaScript error: https://cdn.cookielaw.org/scripttemplates/otSDKStub.js, line 1: SyntaxError: JSON.parse: unexpected end of data at line 1 column 1 of the JSON data
JavaScript error: https://cdn.cookielaw.org/scripttemplates/otSDKStub.js, line 1: SyntaxError: JSON.parse: unexpected end of data at line 1 column 1 of the JSON data
JavaScript error: https://cdn.cookielaw.org/scripttemplates/otSDKStub.js, line 1: SyntaxError: JSON.parse: unexpected end of data at line 1 column 1 of the JSON data
JavaScript error: https://cdn.cookielaw.org/scripttemplates/otSDKStub.js, line 1: SyntaxError: JSON.parse: unexpected end of data at line 1 column 1 of the JSON data
JavaScript error: https://cdn.cookielaw.org/scripttemplates/otSDKStub.js, line 1: SyntaxError: JSON.parse: unexpected end of data at line 1 column 1 of the JSON data
JavaScript error: https://cdn.cookielaw.org/scripttemplates/otSDKStub.js, line 1: SyntaxError: JSON.parse: unexpected end of data at line 1 column 1 of the JSON data
JavaScript error: https://cdn.cookielaw.org/scripttemplates/otSDKStub.js, line 1: SyntaxError: JSON.parse: unexpected end of data at line 1 column 1 of the JSON data
1617729621711	geckodriver	INFO	Listening on 127.0.0.1:58812
1617729622717	mozrunner::runner	INFO	Running command: "/Applications/Firefox.app/Contents/MacOS/firefox-bin" "--marionette" "-headless" "-foreground" "-no-remote" "-profile" "/var/folders/sp/md_f_4_n2x5dynv8ffbzb5240000gn/T/rust_mozprofiletww5Vy"
*** You are running in headless mode.
console.warn: SearchSettings: "get: No settings file exists, new profile?" (new Error("", "(unknown module)"))
1617729625621	Marionette	INFO	Listening on port 58823
1617729625666	Marionette	WARN	TLS certificate errors will be ignored for this session
JavaScript warning: https://www.monster.com/assets/jobs/static/js/0.1552ace9.chunk.js, line 1: Failed to create WebGL context: WebGL creation failed: 
* Can't use WebGL in headless mode (https://bugzil.la/1375585).
JavaScript warning: https://www.monster.com/assets/jobs/static/js/0.1552ace9.chunk.js, line 1: Failed to create WebGL context: WebGL creation failed: 
* Can't use WebGL in headless mode (https://bugzil.la/1375585).
JavaScript error: https://cdn.cookielaw.org/scripttemplates/otSDKStub.js, line 1: SyntaxError: JSON.parse: unexpected end of data at line 1 column 1 of the JSON data
JavaScript error: https://cdn.cookielaw.org/scripttemplates/otSDKStub.js, line 1: SyntaxError: JSON.parse: unexpected end of data at line 1 column 1 of the JSON data
JavaScript error: https://cdn.cookielaw.org/scripttemplates/otSDKStub.js, line 1: SyntaxError: JSON.parse: unexpected end of data at line 1 column 1 of the JSON data
JavaScript error: https://cdn.cookielaw.org/scripttemplates/otSDKStub.js, line 1: SyntaxError: JSON.parse: unexpected end of data at line 1 column 1 of the JSON data
JavaScript error: https://cdn.cookielaw.org/scripttemplates/otSDKStub.js, line 1: SyntaxError: JSON.parse: unexpected end of data at line 1 column 1 of the JSON data
JavaScript error: https://cdn.cookielaw.org/scripttemplates/otSDKStub.js, line 1: SyntaxError: JSON.parse: unexpected end of data at line 1 column 1 of the JSON data
JavaScript error: https://cdn.cookielaw.org/scripttemplates/otSDKStub.js, line 1: SyntaxError: JSON.parse: unexpected end of data at line 1 column 1 of the JSON data
JavaScript error: https://cdn.cookielaw.org/scripttemplates/otSDKStub.js, line 1: SyntaxError: JSON.parse: unexpected end of data at line 1 column 1 of the JSON data
JavaScript error: https://cdn.cookielaw.org/scripttemplates/otSDKStub.js, line 1: SyntaxError: JSON.parse: unexpected end of data at line 1 column 1 of the JSON data
JavaScript error: https://cdn.cookielaw.org/scripttemplates/otSDKStub.js, line 1: SyntaxError: JSON.parse: unexpected end of data at line 1 column 1 of the JSON data
JavaScript error: https://cdn.cookielaw.org/scripttemplates/otSDKStub.js, line 1: SyntaxError: JSON.parse: unexpected end of data at line 1 column 1 of the JSON data
JavaScript error: https://cdn.cookielaw.org/scripttemplates/otSDKStub.js, line 1: SyntaxError: JSON.parse: unexpected end of data at line 1 column 1 of the JSON data
JavaScript error: https://cdn.cookielaw.org/scripttemplates/otSDKStub.js, line 1: SyntaxError: JSON.parse: unexpected end of data at line 1 column 1 of the JSON data
JavaScript error: https://cdn.cookielaw.org/scripttemplates/otSDKStub.js, line 1: SyntaxError: JSON.parse: unexpected end of data at line 1 column 1 of the JSON data
JavaScript error: https://cdn.cookielaw.org/scripttemplates/otSDKStub.js, line 1: SyntaxError: JSON.parse: unexpected end of data at line 1 column 1 of the JSON data
JavaScript error: https://cdn.cookielaw.org/scripttemplates/otSDKStub.js, line 1: SyntaxError: JSON.parse: unexpected end of data at line 1 column 1 of the JSON data
JavaScript error: https://cdn.cookielaw.org/scripttemplates/otSDKStub.js, line 1: SyntaxError: JSON.parse: unexpected end of data at line 1 column 1 of the JSON data
JavaScript error: https://cdn.cookielaw.org/scripttemplates/otSDKStub.js, line 1: SyntaxError: JSON.parse: unexpected end of data at line 1 column 1 of the JSON data
JavaScript error: https://cdn.cookielaw.org/scripttemplates/otSDKStub.js, line 1: SyntaxError: JSON.parse: unexpected end of data at line 1 column 1 of the JSON data
JavaScript error: https://cdn.cookielaw.org/scripttemplates/otSDKStub.js, line 1: SyntaxError: JSON.parse: unexpected end of data at line 1 column 1 of the JSON data
JavaScript error: https://cdn.cookielaw.org/scripttemplates/otSDKStub.js, line 1: SyntaxError: JSON.parse: unexpected end of data at line 1 column 1 of the JSON data
JavaScript error: https://cdn.cookielaw.org/scripttemplates/otSDKStub.js, line 1: SyntaxError: JSON.parse: unexpected end of data at line 1 column 1 of the JSON data
JavaScript error: https://cdn.cookielaw.org/scripttemplates/otSDKStub.js, line 1: SyntaxError: JSON.parse: unexpected end of data at line 1 column 1 of the JSON data
JavaScript error: https://cdn.cookielaw.org/scripttemplates/otSDKStub.js, line 1: SyntaxError: JSON.parse: unexpected end of data at line 1 column 1 of the JSON data
JavaScript error: https://cdn.cookielaw.org/scripttemplates/otSDKStub.js, line 1: SyntaxError: JSON.parse: unexpected end of data at line 1 column 1 of the JSON data
JavaScript error: https://cdn.cookielaw.org/scripttemplates/otSDKStub.js, line 1: SyntaxError: JSON.parse: unexpected end of data at line 1 column 1 of the JSON data
JavaScript error: https://cdn.cookielaw.org/scripttemplates/otSDKStub.js, line 1: SyntaxError: JSON.parse: unexpected end of data at line 1 column 1 of the JSON data
JavaScript error: https://cdn.cookielaw.org/scripttemplates/otSDKStub.js, line 1: SyntaxError: JSON.parse: unexpected end of data at line 1 column 1 of the JSON data
JavaScript error: https://cdn.cookielaw.org/scripttemplates/otSDKStub.js, line 1: SyntaxError: JSON.parse: unexpected end of data at line 1 column 1 of the JSON data
JavaScript error: https://cdn.cookielaw.org/scripttemplates/otSDKStub.js, line 1: SyntaxError: JSON.parse: unexpected end of data at line 1 column 1 of the JSON data
JavaScript error: https://cdn.cookielaw.org/scripttemplates/otSDKStub.js, line 1: SyntaxError: JSON.parse: unexpected end of data at line 1 column 1 of the JSON data
JavaScript error: https://cdn.cookielaw.org/scripttemplates/otSDKStub.js, line 1: SyntaxError: JSON.parse: unexpected end of data at line 1 column 1 of the JSON data
console.log: WebExtensions: reset-default-search: No addons in our list are installed.
JavaScript error: https://cdn.cookielaw.org/scripttemplates/otSDKStub.js, line 1: SyntaxError: JSON.parse: unexpected end of data at line 1 column 1 of the JSON data
JavaScript error: https://cdn.cookielaw.org/scripttemplates/otSDKStub.js, line 1: SyntaxError: JSON.parse: unexpected end of data at line 1 column 1 of the JSON data
JavaScript error: https://cdn.cookielaw.org/scripttemplates/otSDKStub.js, line 1: SyntaxError: JSON.parse: unexpected end of data at line 1 column 1 of the JSON data
JavaScript error: https://cdn.cookielaw.org/scripttemplates/otSDKStub.js, line 1: SyntaxError: JSON.parse: unexpected end of data at line 1 column 1 of the JSON data
JavaScript error: https://cdn.cookielaw.org/scripttemplates/otSDKStub.js, line 1: SyntaxError: JSON.parse: unexpected end of data at line 1 column 1 of the JSON data
JavaScript error: https://cdn.cookielaw.org/scripttemplates/otSDKStub.js, line 1: SyntaxError: JSON.parse: unexpected end of data at line 1 column 1 of the JSON data
JavaScript error: https://cdn.cookielaw.org/scripttemplates/otSDKStub.js, line 1: SyntaxError: JSON.parse: unexpected end of data at line 1 column 1 of the JSON data
JavaScript error: https://cdn.cookielaw.org/scripttemplates/otSDKStub.js, line 1: SyntaxError: JSON.parse: unexpected end of data at line 1 column 1 of the JSON data
JavaScript error: https://cdn.cookielaw.org/scripttemplates/otSDKStub.js, line 1: SyntaxError: JSON.parse: unexpected end of data at line 1 column 1 of the JSON data
JavaScript error: https://cdn.cookielaw.org/scripttemplates/otSDKStub.js, line 1: SyntaxError: JSON.parse: unexpected end of data at line 1 column 1 of the JSON data
JavaScript error: https://cdn.cookielaw.org/scripttemplates/otSDKStub.js, line 1: SyntaxError: JSON.parse: unexpected end of data at line 1 column 1 of the JSON data
JavaScript error: https://cdn.cookielaw.org/scripttemplates/otSDKStub.js, line 1: SyntaxError: JSON.parse: unexpected end of data at line 1 column 1 of the JSON data
JavaScript error: https://cdn.cookielaw.org/scripttemplates/otSDKStub.js, line 1: SyntaxError: JSON.parse: unexpected end of data at line 1 column 1 of the JSON data
JavaScript error: https://cdn.cookielaw.org/scripttemplates/otSDKStub.js, line 1: SyntaxError: JSON.parse: unexpected end of data at line 1 column 1 of the JSON data
JavaScript error: https://cdn.cookielaw.org/scripttemplates/otSDKStub.js, line 1: SyntaxError: JSON.parse: unexpected end of data at line 1 column 1 of the JSON data
JavaScript error: https://cdn.cookielaw.org/scripttemplates/otSDKStub.js, line 1: SyntaxError: JSON.parse: unexpected end of data at line 1 column 1 of the JSON data
JavaScript error: https://cdn.cookielaw.org/scripttemplates/otSDKStub.js, line 1: SyntaxError: JSON.parse: unexpected end of data at line 1 column 1 of the JSON data
JavaScript error: https://cdn.cookielaw.org/scripttemplates/otSDKStub.js, line 1: SyntaxError: JSON.parse: unexpected end of data at line 1 column 1 of the JSON data
JavaScript error: https://cdn.cookielaw.org/scripttemplates/otSDKStub.js, line 1: SyntaxError: JSON.parse: unexpected end of data at line 1 column 1 of the JSON data
1617735720427	geckodriver	INFO	Listening on 127.0.0.1:62623
1617735721444	mozrunner::runner	INFO	Running command: "/Applications/Firefox.app/Contents/MacOS/firefox-bin" "--marionette" "-headless" "-foreground" "-no-remote" "-profile" "/var/folders/sp/md_f_4_n2x5dynv8ffbzb5240000gn/T/rust_mozprofilebhFQN2"
*** You are running in headless mode.
console.warn: SearchSettings: "get: No settings file exists, new profile?" (new Error("", "(unknown module)"))
1617735724671	Marionette	INFO	Listening on port 62634
1617735724782	Marionette	WARN	TLS certificate errors will be ignored for this session
JavaScript warning: https://www.monster.com/assets/jobs/static/js/0.1552ace9.chunk.js, line 1: Failed to create WebGL context: WebGL creation failed: 
* Can't use WebGL in headless mode (https://bugzil.la/1375585).
JavaScript warning: https://www.monster.com/assets/jobs/static/js/0.1552ace9.chunk.js, line 1: Failed to create WebGL context: WebGL creation failed: 
* Can't use WebGL in headless mode (https://bugzil.la/1375585).
JavaScript error: https://cdn.cookielaw.org/scripttemplates/otSDKStub.js, line 1: SyntaxError: JSON.parse: unexpected end of data at line 1 column 1 of the JSON data
JavaScript error: https://cdn.cookielaw.org/scripttemplates/otSDKStub.js, line 1: SyntaxError: JSON.parse: unexpected end of data at line 1 column 1 of the JSON data
JavaScript error: https://cdn.cookielaw.org/scripttemplates/otSDKStub.js, line 1: SyntaxError: JSON.parse: unexpected end of data at line 1 column 1 of the JSON data
JavaScript error: https://cdn.cookielaw.org/scripttemplates/otSDKStub.js, line 1: SyntaxError: JSON.parse: unexpected end of data at line 1 column 1 of the JSON data
JavaScript error: https://cdn.cookielaw.org/scripttemplates/otSDKStub.js, line 1: SyntaxError: JSON.parse: unexpected end of data at line 1 column 1 of the JSON data
JavaScript error: https://cdn.cookielaw.org/scripttemplates/otSDKStub.js, line 1: SyntaxError: JSON.parse: unexpected end of data at line 1 column 1 of the JSON data
JavaScript error: https://cdn.cookielaw.org/scripttemplates/otSDKStub.js, line 1: SyntaxError: JSON.parse: unexpected end of data at line 1 column 1 of the JSON data
JavaScript error: https://cdn.cookielaw.org/scripttemplates/otSDKStub.js, line 1: SyntaxError: JSON.parse: unexpected end of data at line 1 column 1 of the JSON data
1617735957065	geckodriver	INFO	Listening on 127.0.0.1:62830
1617735958078	mozrunner::runner	INFO	Running command: "/Applications/Firefox.app/Contents/MacOS/firefox-bin" "--marionette" "-headless" "-foreground" "-no-remote" "-profile" "/var/folders/sp/md_f_4_n2x5dynv8ffbzb5240000gn/T/rust_mozprofile90fjqK"
*** You are running in headless mode.
console.warn: SearchSettings: "get: No settings file exists, new profile?" (new Error("", "(unknown module)"))
1617735960383	Marionette	INFO	Listening on port 62841
1617735960492	Marionette	WARN	TLS certificate errors will be ignored for this session
JavaScript warning: https://www.monster.com/assets/jobs/static/js/0.1552ace9.chunk.js, line 1: Failed to create WebGL context: WebGL creation failed: 
* Can't use WebGL in headless mode (https://bugzil.la/1375585).
JavaScript warning: https://www.monster.com/assets/jobs/static/js/0.1552ace9.chunk.js, line 1: Failed to create WebGL context: WebGL creation failed: 
* Can't use WebGL in headless mode (https://bugzil.la/1375585).
Exiting due to channel error.
Exiting due to channel error.
Exiting due to channel error.
1617735969678	geckodriver	INFO	Listening on 127.0.0.1:62937
1617735970699	mozrunner::runner	INFO	Running command: "/Applications/Firefox.app/Contents/MacOS/firefox-bin" "--marionette" "-headless" "-foreground" "-no-remote" "-profile" "/var/folders/sp/md_f_4_n2x5dynv8ffbzb5240000gn/T/rust_mozprofile7Ackbb"
*** You are running in headless mode.
console.warn: SearchSettings: "get: No settings file exists, new profile?" (new Error("", "(unknown module)"))
1617735972972	Marionette	INFO	Listening on port 62948
1617735973009	Marionette	WARN	TLS certificate errors will be ignored for this session
JavaScript warning: https://www.monster.com/assets/jobs/static/js/0.1552ace9.chunk.js, line 1: Failed to create WebGL context: WebGL creation failed: 
* Can't use WebGL in headless mode (https://bugzil.la/1375585).
JavaScript warning: https://www.monster.com/assets/jobs/static/js/0.1552ace9.chunk.js, line 1: Failed to create WebGL context: WebGL creation failed: 
* Can't use WebGL in headless mode (https://bugzil.la/1375585).
JavaScript error: https://cdn.cookielaw.org/scripttemplates/otSDKStub.js, line 1: SyntaxError: JSON.parse: unexpected end of data at line 1 column 1 of the JSON data
JavaScript error: https://cdn.cookielaw.org/scripttemplates/otSDKStub.js, line 1: SyntaxError: JSON.parse: unexpected end of data at line 1 column 1 of the JSON data
JavaScript error: https://cdn.cookielaw.org/scripttemplates/otSDKStub.js, line 1: SyntaxError: JSON.parse: unexpected end of data at line 1 column 1 of the JSON data
JavaScript error: https://cdn.cookielaw.org/scripttemplates/otSDKStub.js, line 1: SyntaxError: JSON.parse: unexpected end of data at line 1 column 1 of the JSON data
JavaScript error: https://cdn.cookielaw.org/scripttemplates/otSDKStub.js, line 1: SyntaxError: JSON.parse: unexpected end of data at line 1 column 1 of the JSON data
JavaScript error: https://cdn.cookielaw.org/scripttemplates/otSDKStub.js, line 1: SyntaxError: JSON.parse: unexpected end of data at line 1 column 1 of the JSON data
JavaScript error: https://cdn.cookielaw.org/scripttemplates/otSDKStub.js, line 1: SyntaxError: JSON.parse: unexpected end of data at line 1 column 1 of the JSON data
JavaScript error: https://cdn.cookielaw.org/scripttemplates/otSDKStub.js, line 1: SyntaxError: JSON.parse: unexpected end of data at line 1 column 1 of the JSON data
1617736071682	geckodriver	INFO	Listening on 127.0.0.1:63115
1617736072692	mozrunner::runner	INFO	Running command: "/Applications/Firefox.app/Contents/MacOS/firefox-bin" "--marionette" "-headless" "-foreground" "-no-remote" "-profile" "/var/folders/sp/md_f_4_n2x5dynv8ffbzb5240000gn/T/rust_mozprofile2QNgow"
*** You are running in headless mode.
console.warn: SearchSettings: "get: No settings file exists, new profile?" (new Error("", "(unknown module)"))
1617736075166	Marionette	INFO	Listening on port 63126
1617736075195	Marionette	WARN	TLS certificate errors will be ignored for this session
JavaScript warning: https://www.monster.com/assets/jobs/static/js/0.1552ace9.chunk.js, line 1: Failed to create WebGL context: WebGL creation failed: 
* Can't use WebGL in headless mode (https://bugzil.la/1375585).
JavaScript warning: https://www.monster.com/assets/jobs/static/js/0.1552ace9.chunk.js, line 1: Failed to create WebGL context: WebGL creation failed: 
* Can't use WebGL in headless mode (https://bugzil.la/1375585).
JavaScript error: https://cdn.cookielaw.org/scripttemplates/otSDKStub.js, line 1: SyntaxError: JSON.parse: unexpected end of data at line 1 column 1 of the JSON data
console.log: WebExtensions: reset-default-search: No addons in our list are installed.
1617736278095	geckodriver	INFO	Listening on 127.0.0.1:63299
1617736279102	mozrunner::runner	INFO	Running command: "/Applications/Firefox.app/Contents/MacOS/firefox-bin" "--marionette" "-headless" "-foreground" "-no-remote" "-profile" "/var/folders/sp/md_f_4_n2x5dynv8ffbzb5240000gn/T/rust_mozprofilemGovSR"
*** You are running in headless mode.
console.warn: SearchSettings: "get: No settings file exists, new profile?" (new Error("", "(unknown module)"))
1617736281427	Marionette	INFO	Listening on port 63310
1617736281489	Marionette	WARN	TLS certificate errors will be ignored for this session
JavaScript warning: https://www.monster.com/assets/jobs/static/js/0.1552ace9.chunk.js, line 1: Failed to create WebGL context: WebGL creation failed: 
* Can't use WebGL in headless mode (https://bugzil.la/1375585).
JavaScript warning: https://www.monster.com/assets/jobs/static/js/0.1552ace9.chunk.js, line 1: Failed to create WebGL context: WebGL creation failed: 
* Can't use WebGL in headless mode (https://bugzil.la/1375585).
JavaScript error: https://cdn.cookielaw.org/scripttemplates/otSDKStub.js, line 1: SyntaxError: JSON.parse: unexpected end of data at line 1 column 1 of the JSON data
1617736476933	geckodriver	INFO	Listening on 127.0.0.1:63465
1617736477944	mozrunner::runner	INFO	Running command: "/Applications/Firefox.app/Contents/MacOS/firefox-bin" "--marionette" "-headless" "-foreground" "-no-remote" "-profile" "/var/folders/sp/md_f_4_n2x5dynv8ffbzb5240000gn/T/rust_mozprofileASqcue"
*** You are running in headless mode.
console.warn: SearchSettings: "get: No settings file exists, new profile?" (new Error("", "(unknown module)"))
1617736480508	Marionette	INFO	Listening on port 63476
1617736480551	Marionette	WARN	TLS certificate errors will be ignored for this session
JavaScript warning: https://www.monster.com/assets/jobs/static/js/0.1552ace9.chunk.js, line 1: Failed to create WebGL context: WebGL creation failed: 
* Can't use WebGL in headless mode (https://bugzil.la/1375585).
JavaScript warning: https://www.monster.com/assets/jobs/static/js/0.1552ace9.chunk.js, line 1: Failed to create WebGL context: WebGL creation failed: 
* Can't use WebGL in headless mode (https://bugzil.la/1375585).
JavaScript error: https://cdn.cookielaw.org/scripttemplates/otSDKStub.js, line 1: SyntaxError: JSON.parse: unexpected end of data at line 1 column 1 of the JSON data
console.log: WebExtensions: reset-default-search: No addons in our list are installed.
console.log: WebExtensions: reset-default-search: No addons in our list are installed.
1617736740419	geckodriver	INFO	Listening on 127.0.0.1:63656
1617736741425	mozrunner::runner	INFO	Running command: "/Applications/Firefox.app/Contents/MacOS/firefox-bin" "--marionette" "-headless" "-foreground" "-no-remote" "-profile" "/var/folders/sp/md_f_4_n2x5dynv8ffbzb5240000gn/T/rust_mozprofilezcXIus"
*** You are running in headless mode.
console.warn: SearchSettings: "get: No settings file exists, new profile?" (new Error("", "(unknown module)"))
1617736743839	Marionette	INFO	Listening on port 63667
1617736743927	Marionette	WARN	TLS certificate errors will be ignored for this session
JavaScript warning: https://www.monster.com/assets/jobs/static/js/0.1552ace9.chunk.js, line 1: Failed to create WebGL context: WebGL creation failed: 
* Can't use WebGL in headless mode (https://bugzil.la/1375585).
JavaScript warning: https://www.monster.com/assets/jobs/static/js/0.1552ace9.chunk.js, line 1: Failed to create WebGL context: WebGL creation failed: 
* Can't use WebGL in headless mode (https://bugzil.la/1375585).
JavaScript error: https://cdn.cookielaw.org/scripttemplates/otSDKStub.js, line 1: SyntaxError: JSON.parse: unexpected end of data at line 1 column 1 of the JSON data
JavaScript error: https://cdn.cookielaw.org/scripttemplates/otSDKStub.js, line 1: SyntaxError: JSON.parse: unexpected end of data at line 1 column 1 of the JSON data
console.log: WebExtensions: reset-default-search: No addons in our list are installed.
1617736902277	geckodriver	INFO	Listening on 127.0.0.1:63834
1617736903284	mozrunner::runner	INFO	Running command: "/Applications/Firefox.app/Contents/MacOS/firefox-bin" "--marionette" "-headless" "-foreground" "-no-remote" "-profile" "/var/folders/sp/md_f_4_n2x5dynv8ffbzb5240000gn/T/rust_mozprofileQiDGI9"
*** You are running in headless mode.
console.warn: SearchSettings: "get: No settings file exists, new profile?" (new Error("", "(unknown module)"))
1617736905833	Marionette	INFO	Listening on port 63845
1617736905886	Marionette	WARN	TLS certificate errors will be ignored for this session
JavaScript warning: https://www.monster.com/assets/jobs/static/js/0.1552ace9.chunk.js, line 1: Failed to create WebGL context: WebGL creation failed: 
* Can't use WebGL in headless mode (https://bugzil.la/1375585).
JavaScript warning: https://www.monster.com/assets/jobs/static/js/0.1552ace9.chunk.js, line 1: Failed to create WebGL context: WebGL creation failed: 
* Can't use WebGL in headless mode (https://bugzil.la/1375585).
JavaScript error: https://cdn.cookielaw.org/scripttemplates/otSDKStub.js, line 1: SyntaxError: JSON.parse: unexpected end of data at line 1 column 1 of the JSON data
JavaScript error: https://cdn.cookielaw.org/scripttemplates/otSDKStub.js, line 1: SyntaxError: JSON.parse: unexpected end of data at line 1 column 1 of the JSON data
JavaScript error: https://cdn.cookielaw.org/scripttemplates/otSDKStub.js, line 1: SyntaxError: JSON.parse: unexpected end of data at line 1 column 1 of the JSON data
JavaScript error: https://cdn.cookielaw.org/scripttemplates/otSDKStub.js, line 1: SyntaxError: JSON.parse: unexpected end of data at line 1 column 1 of the JSON data
JavaScript error: https://cdn.cookielaw.org/scripttemplates/otSDKStub.js, line 1: SyntaxError: JSON.parse: unexpected end of data at line 1 column 1 of the JSON data
JavaScript error: https://cdn.cookielaw.org/scripttemplates/otSDKStub.js, line 1: SyntaxError: JSON.parse: unexpected end of data at line 1 column 1 of the JSON data
JavaScript error: https://cdn.cookielaw.org/scripttemplates/otSDKStub.js, line 1: SyntaxError: JSON.parse: unexpected end of data at line 1 column 1 of the JSON data
JavaScript error: https://cdn.cookielaw.org/scripttemplates/otSDKStub.js, line 1: SyntaxError: JSON.parse: unexpected end of data at line 1 column 1 of the JSON data
console.log: WebExtensions: reset-default-search: No addons in our list are installed.
1617737040038	geckodriver	INFO	Listening on 127.0.0.1:64007
1617737041055	mozrunner::runner	INFO	Running command: "/Applications/Firefox.app/Contents/MacOS/firefox-bin" "--marionette" "-headless" "-foreground" "-no-remote" "-profile" "/var/folders/sp/md_f_4_n2x5dynv8ffbzb5240000gn/T/rust_mozprofileFLrEMJ"
*** You are running in headless mode.
console.warn: SearchSettings: "get: No settings file exists, new profile?" (new Error("", "(unknown module)"))
1617737043611	Marionette	INFO	Listening on port 64019
1617737043659	Marionette	WARN	TLS certificate errors will be ignored for this session
JavaScript warning: https://www.monster.com/assets/jobs/static/js/0.1552ace9.chunk.js, line 1: Failed to create WebGL context: WebGL creation failed: 
* Can't use WebGL in headless mode (https://bugzil.la/1375585).
JavaScript warning: https://www.monster.com/assets/jobs/static/js/0.1552ace9.chunk.js, line 1: Failed to create WebGL context: WebGL creation failed: 
* Can't use WebGL in headless mode (https://bugzil.la/1375585).
JavaScript error: https://cdn.cookielaw.org/scripttemplates/otSDKStub.js, line 1: SyntaxError: JSON.parse: unexpected end of data at line 1 column 1 of the JSON data
1617737114738	geckodriver	INFO	Listening on 127.0.0.1:64154
1617737114748	mozrunner::runner	INFO	Running command: "/Applications/Firefox.app/Contents/MacOS/firefox-bin" "--marionette" "-headless" "-foreground" "-no-remote" "-profile" "/var/folders/sp/md_f_4_n2x5dynv8ffbzb5240000gn/T/rust_mozprofilewNywKy"
*** You are running in headless mode.
console.warn: SearchSettings: "get: No settings file exists, new profile?" (new Error("", "(unknown module)"))
1617737117221	Marionette	INFO	Listening on port 64163
1617737117252	Marionette	WARN	TLS certificate errors will be ignored for this session
JavaScript warning: https://www.monster.com/assets/jobs/static/js/0.1552ace9.chunk.js, line 1: Failed to create WebGL context: WebGL creation failed: 
* Can't use WebGL in headless mode (https://bugzil.la/1375585).
JavaScript warning: https://www.monster.com/assets/jobs/static/js/0.1552ace9.chunk.js, line 1: Failed to create WebGL context: WebGL creation failed: 
* Can't use WebGL in headless mode (https://bugzil.la/1375585).
JavaScript error: https://cdn.cookielaw.org/scripttemplates/otSDKStub.js, line 1: SyntaxError: JSON.parse: unexpected end of data at line 1 column 1 of the JSON data
JavaScript error: https://cdn.cookielaw.org/scripttemplates/otSDKStub.js, line 1: SyntaxError: JSON.parse: unexpected end of data at line 1 column 1 of the JSON data
1617737199166	geckodriver	INFO	Listening on 127.0.0.1:64311
1617737200178	mozrunner::runner	INFO	Running command: "/Applications/Firefox.app/Contents/MacOS/firefox-bin" "--marionette" "-headless" "-foreground" "-no-remote" "-profile" "/var/folders/sp/md_f_4_n2x5dynv8ffbzb5240000gn/T/rust_mozprofileOqB5fH"
*** You are running in headless mode.
console.warn: SearchSettings: "get: No settings file exists, new profile?" (new Error("", "(unknown module)"))
1617737202747	Marionette	INFO	Listening on port 64322
1617737202782	Marionette	WARN	TLS certificate errors will be ignored for this session
JavaScript warning: https://www.monster.com/assets/jobs/static/js/0.1552ace9.chunk.js, line 1: Failed to create WebGL context: WebGL creation failed: 
* Can't use WebGL in headless mode (https://bugzil.la/1375585).
JavaScript warning: https://www.monster.com/assets/jobs/static/js/0.1552ace9.chunk.js, line 1: Failed to create WebGL context: WebGL creation failed: 
* Can't use WebGL in headless mode (https://bugzil.la/1375585).
JavaScript error: https://cdn.cookielaw.org/scripttemplates/otSDKStub.js, line 1: SyntaxError: JSON.parse: unexpected end of data at line 1 column 1 of the JSON data
JavaScript error: https://cdn.cookielaw.org/scripttemplates/otSDKStub.js, line 1: SyntaxError: JSON.parse: unexpected end of data at line 1 column 1 of the JSON data
console.log: WebExtensions: reset-default-search: No addons in our list are installed.
1617737272028	geckodriver	INFO	Listening on 127.0.0.1:64461
1617737273063	mozrunner::runner	INFO	Running command: "/Applications/Firefox.app/Contents/MacOS/firefox-bin" "--marionette" "-headless" "-foreground" "-no-remote" "-profile" "/var/folders/sp/md_f_4_n2x5dynv8ffbzb5240000gn/T/rust_mozprofileHJEF5k"
*** You are running in headless mode.
console.warn: SearchSettings: "get: No settings file exists, new profile?" (new Error("", "(unknown module)"))
1617737275618	Marionette	INFO	Listening on port 64472
1617737275670	Marionette	WARN	TLS certificate errors will be ignored for this session
JavaScript warning: https://www.monster.com/assets/jobs/static/js/0.1552ace9.chunk.js, line 1: Failed to create WebGL context: WebGL creation failed: 
* Can't use WebGL in headless mode (https://bugzil.la/1375585).
JavaScript warning: https://www.monster.com/assets/jobs/static/js/0.1552ace9.chunk.js, line 1: Failed to create WebGL context: WebGL creation failed: 
* Can't use WebGL in headless mode (https://bugzil.la/1375585).
JavaScript error: https://cdn.cookielaw.org/scripttemplates/otSDKStub.js, line 1: SyntaxError: JSON.parse: unexpected end of data at line 1 column 1 of the JSON data
JavaScript error: https://cdn.cookielaw.org/scripttemplates/otSDKStub.js, line 1: SyntaxError: JSON.parse: unexpected end of data at line 1 column 1 of the JSON data
console.log: WebExtensions: reset-default-search: No addons in our list are installed.
1617737446018	geckodriver	INFO	Listening on 127.0.0.1:64655
1617737447065	mozrunner::runner	INFO	Running command: "/Applications/Firefox.app/Contents/MacOS/firefox-bin" "--marionette" "-headless" "-foreground" "-no-remote" "-profile" "/var/folders/sp/md_f_4_n2x5dynv8ffbzb5240000gn/T/rust_mozprofile3vD6D5"
*** You are running in headless mode.
console.warn: SearchSettings: "get: No settings file exists, new profile?" (new Error("", "(unknown module)"))
1617737449752	Marionette	INFO	Listening on port 64666
1617737449867	Marionette	WARN	TLS certificate errors will be ignored for this session
JavaScript warning: https://www.monster.com/assets/jobs/static/js/0.1552ace9.chunk.js, line 1: Failed to create WebGL context: WebGL creation failed: 
* Can't use WebGL in headless mode (https://bugzil.la/1375585).
JavaScript warning: https://www.monster.com/assets/jobs/static/js/0.1552ace9.chunk.js, line 1: Failed to create WebGL context: WebGL creation failed: 
* Can't use WebGL in headless mode (https://bugzil.la/1375585).
JavaScript error: https://cdn.cookielaw.org/scripttemplates/otSDKStub.js, line 1: SyntaxError: JSON.parse: unexpected end of data at line 1 column 1 of the JSON data
JavaScript error: https://cdn.cookielaw.org/scripttemplates/otSDKStub.js, line 1: SyntaxError: JSON.parse: unexpected end of data at line 1 column 1 of the JSON data
console.log: WebExtensions: reset-default-search: No addons in our list are installed.
1617737584068	geckodriver	INFO	Listening on 127.0.0.1:64846
1617737585075	mozrunner::runner	INFO	Running command: "/Applications/Firefox.app/Contents/MacOS/firefox-bin" "--marionette" "-headless" "-foreground" "-no-remote" "-profile" "/var/folders/sp/md_f_4_n2x5dynv8ffbzb5240000gn/T/rust_mozprofile7elrzL"
*** You are running in headless mode.
console.warn: SearchSettings: "get: No settings file exists, new profile?" (new Error("", "(unknown module)"))
1617737587941	Marionette	INFO	Listening on port 64857
1617737588014	Marionette	WARN	TLS certificate errors will be ignored for this session
JavaScript warning: https://www.monster.com/assets/jobs/static/js/0.1552ace9.chunk.js, line 1: Failed to create WebGL context: WebGL creation failed: 
* Can't use WebGL in headless mode (https://bugzil.la/1375585).
JavaScript warning: https://www.monster.com/assets/jobs/static/js/0.1552ace9.chunk.js, line 1: Failed to create WebGL context: WebGL creation failed: 
* Can't use WebGL in headless mode (https://bugzil.la/1375585).
JavaScript error: https://cdn.cookielaw.org/scripttemplates/otSDKStub.js, line 1: SyntaxError: JSON.parse: unexpected end of data at line 1 column 1 of the JSON data
JavaScript error: https://cdn.cookielaw.org/scripttemplates/otSDKStub.js, line 1: SyntaxError: JSON.parse: unexpected end of data at line 1 column 1 of the JSON data
console.log: WebExtensions: reset-default-search: No addons in our list are installed.
console.log: WebExtensions: reset-default-search: No addons in our list are installed.
console.log: WebExtensions: reset-default-search: No addons in our list are installed.
1617737849369	geckodriver	INFO	Listening on 127.0.0.1:65164
1617737849378	mozrunner::runner	INFO	Running command: "/Applications/Firefox.app/Contents/MacOS/firefox-bin" "--marionette" "-headless" "-foreground" "-no-remote" "-profile" "/var/folders/sp/md_f_4_n2x5dynv8ffbzb5240000gn/T/rust_mozprofilesu5xh4"
*** You are running in headless mode.
console.warn: SearchSettings: "get: No settings file exists, new profile?" (new Error("", "(unknown module)"))
1617737852133	Marionette	INFO	Listening on port 65173
1617737852187	Marionette	WARN	TLS certificate errors will be ignored for this session
JavaScript warning: https://www.monster.com/assets/jobs/static/js/0.1552ace9.chunk.js, line 1: Failed to create WebGL context: WebGL creation failed: 
* Can't use WebGL in headless mode (https://bugzil.la/1375585).
JavaScript warning: https://www.monster.com/assets/jobs/static/js/0.1552ace9.chunk.js, line 1: Failed to create WebGL context: WebGL creation failed: 
* Can't use WebGL in headless mode (https://bugzil.la/1375585).
JavaScript error: https://cdn.cookielaw.org/scripttemplates/otSDKStub.js, line 1: SyntaxError: JSON.parse: unexpected end of data at line 1 column 1 of the JSON data
console.log: WebExtensions: reset-default-search: No addons in our list are installed.
console.log: WebExtensions: reset-default-search: No addons in our list are installed.
1617739239375	geckodriver	INFO	Listening on 127.0.0.1:65452
1617739240378	mozrunner::runner	INFO	Running command: "/Applications/Firefox.app/Contents/MacOS/firefox-bin" "--marionette" "-headless" "-foreground" "-no-remote" "-profile" "/var/folders/sp/md_f_4_n2x5dynv8ffbzb5240000gn/T/rust_mozprofileTbJHXi"
*** You are running in headless mode.
console.warn: SearchSettings: "get: No settings file exists, new profile?" (new Error("", "(unknown module)"))
1617739244971	Marionette	INFO	Listening on port 65465
1617739245062	Marionette	WARN	TLS certificate errors will be ignored for this session
JavaScript warning: https://www.monster.com/assets/jobs/static/js/0.1552ace9.chunk.js, line 1: Failed to create WebGL context: WebGL creation failed: 
* Can't use WebGL in headless mode (https://bugzil.la/1375585).
JavaScript warning: https://www.monster.com/assets/jobs/static/js/0.1552ace9.chunk.js, line 1: Failed to create WebGL context: WebGL creation failed: 
* Can't use WebGL in headless mode (https://bugzil.la/1375585).
JavaScript error: https://cdn.cookielaw.org/scripttemplates/otSDKStub.js, line 1: SyntaxError: JSON.parse: unexpected end of data at line 1 column 1 of the JSON data
1617739296013	geckodriver	INFO	Listening on 127.0.0.1:49227
1617739297015	mozrunner::runner	INFO	Running command: "/Applications/Firefox.app/Contents/MacOS/firefox-bin" "--marionette" "-headless" "-foreground" "-no-remote" "-profile" "/var/folders/sp/md_f_4_n2x5dynv8ffbzb5240000gn/T/rust_mozprofilevqpdni"
*** You are running in headless mode.
1617739304161	geckodriver	INFO	Listening on 127.0.0.1:49255
1617739305166	mozrunner::runner	INFO	Running command: "/Applications/Firefox.app/Contents/MacOS/firefox-bin" "--marionette" "-headless" "-foreground" "-no-remote" "-profile" "/var/folders/sp/md_f_4_n2x5dynv8ffbzb5240000gn/T/rust_mozprofileOfPZ7I"
*** You are running in headless mode.
console.warn: SearchSettings: "get: No settings file exists, new profile?" (new Error("", "(unknown module)"))
1617739307795	Marionette	INFO	Listening on port 49266
1617739307866	Marionette	WARN	TLS certificate errors will be ignored for this session
JavaScript warning: https://www.monster.com/assets/jobs/static/js/0.1552ace9.chunk.js, line 1: Failed to create WebGL context: WebGL creation failed: 
* Can't use WebGL in headless mode (https://bugzil.la/1375585).
JavaScript warning: https://www.monster.com/assets/jobs/static/js/0.1552ace9.chunk.js, line 1: Failed to create WebGL context: WebGL creation failed: 
* Can't use WebGL in headless mode (https://bugzil.la/1375585).
JavaScript error: https://cdn.cookielaw.org/scripttemplates/otSDKStub.js, line 1: SyntaxError: JSON.parse: unexpected end of data at line 1 column 1 of the JSON data
JavaScript error: https://cdn.cookielaw.org/scripttemplates/otSDKStub.js, line 1: SyntaxError: JSON.parse: unexpected end of data at line 1 column 1 of the JSON data
console.log: WebExtensions: reset-default-search: No addons in our list are installed.
1617739539720	geckodriver	INFO	Listening on 127.0.0.1:49467
1617739540720	mozrunner::runner	INFO	Running command: "/Applications/Firefox.app/Contents/MacOS/firefox-bin" "--marionette" "-headless" "-foreground" "-no-remote" "-profile" "/var/folders/sp/md_f_4_n2x5dynv8ffbzb5240000gn/T/rust_mozprofilem8XmTL"
*** You are running in headless mode.
console.warn: SearchSettings: "get: No settings file exists, new profile?" (new Error("", "(unknown module)"))
1617739543655	Marionette	INFO	Listening on port 49478
1617739543739	Marionette	WARN	TLS certificate errors will be ignored for this session
JavaScript warning: https://www.monster.com/assets/jobs/static/js/0.1552ace9.chunk.js, line 1: Failed to create WebGL context: WebGL creation failed: 
* Can't use WebGL in headless mode (https://bugzil.la/1375585).
JavaScript warning: https://www.monster.com/assets/jobs/static/js/0.1552ace9.chunk.js, line 1: Failed to create WebGL context: WebGL creation failed: 
* Can't use WebGL in headless mode (https://bugzil.la/1375585).
JavaScript error: https://cdn.cookielaw.org/scripttemplates/otSDKStub.js, line 1: SyntaxError: JSON.parse: unexpected end of data at line 1 column 1 of the JSON data
JavaScript error: https://cdn.cookielaw.org/scripttemplates/otSDKStub.js, line 1: SyntaxError: JSON.parse: unexpected end of data at line 1 column 1 of the JSON data
console.log: WebExtensions: reset-default-search: No addons in our list are installed.
console.log: WebExtensions: reset-default-search: No addons in our list are installed.
1617739889483	geckodriver	INFO	Listening on 127.0.0.1:49774
1617739890491	mozrunner::runner	INFO	Running command: "/Applications/Firefox.app/Contents/MacOS/firefox-bin" "--marionette" "-headless" "-foreground" "-no-remote" "-profile" "/var/folders/sp/md_f_4_n2x5dynv8ffbzb5240000gn/T/rust_mozprofileCyrEiQ"
*** You are running in headless mode.
console.warn: SearchSettings: "get: No settings file exists, new profile?" (new Error("", "(unknown module)"))
1617739893798	Marionette	INFO	Listening on port 49787
1617739893815	Marionette	WARN	TLS certificate errors will be ignored for this session
Exiting due to channel error.
Exiting due to channel error.
Exiting due to channel error.
1617739908041	geckodriver	INFO	Listening on 127.0.0.1:49852
1617739909072	mozrunner::runner	INFO	Running command: "/Applications/Firefox.app/Contents/MacOS/firefox-bin" "--marionette" "-headless" "-foreground" "-no-remote" "-profile" "/var/folders/sp/md_f_4_n2x5dynv8ffbzb5240000gn/T/rust_mozprofilevZMxDc"
*** You are running in headless mode.
console.warn: SearchSettings: "get: No settings file exists, new profile?" (new Error("", "(unknown module)"))
1617739911814	Marionette	INFO	Listening on port 49865
1617739911870	Marionette	WARN	TLS certificate errors will be ignored for this session
JavaScript warning: https://www.monster.com/assets/jobs/static/js/0.1552ace9.chunk.js, line 1: Failed to create WebGL context: WebGL creation failed: 
* Can't use WebGL in headless mode (https://bugzil.la/1375585).
JavaScript warning: https://www.monster.com/assets/jobs/static/js/0.1552ace9.chunk.js, line 1: Failed to create WebGL context: WebGL creation failed: 
* Can't use WebGL in headless mode (https://bugzil.la/1375585).
JavaScript error: https://cdn.cookielaw.org/scripttemplates/otSDKStub.js, line 1: SyntaxError: JSON.parse: unexpected end of data at line 1 column 1 of the JSON data
JavaScript error: https://cdn.cookielaw.org/scripttemplates/otSDKStub.js, line 1: SyntaxError: JSON.parse: unexpected end of data at line 1 column 1 of the JSON data
console.log: WebExtensions: reset-default-search: No addons in our list are installed.
1617740348087	geckodriver	INFO	Listening on 127.0.0.1:50111
1617740349100	mozrunner::runner	INFO	Running command: "/Applications/Firefox.app/Contents/MacOS/firefox-bin" "--marionette" "-headless" "-foreground" "-no-remote" "-profile" "/var/folders/sp/md_f_4_n2x5dynv8ffbzb5240000gn/T/rust_mozprofilebzzu9s"
*** You are running in headless mode.
console.warn: SearchSettings: "get: No settings file exists, new profile?" (new Error("", "(unknown module)"))
1617740352058	Marionette	INFO	Listening on port 50123
1617740352115	Marionette	WARN	TLS certificate errors will be ignored for this session
JavaScript warning: https://www.monster.com/assets/jobs/static/js/0.1552ace9.chunk.js, line 1: Failed to create WebGL context: WebGL creation failed: 
* Can't use WebGL in headless mode (https://bugzil.la/1375585).
JavaScript warning: https://www.monster.com/assets/jobs/static/js/0.1552ace9.chunk.js, line 1: Failed to create WebGL context: WebGL creation failed: 
* Can't use WebGL in headless mode (https://bugzil.la/1375585).
JavaScript error: https://cdn.cookielaw.org/scripttemplates/otSDKStub.js, line 1: SyntaxError: JSON.parse: unexpected end of data at line 1 column 1 of the JSON data
console.log: WebExtensions: reset-default-search: No addons in our list are installed.
1617740593341	geckodriver	INFO	Listening on 127.0.0.1:50295
1617740594341	mozrunner::runner	INFO	Running command: "/Applications/Firefox.app/Contents/MacOS/firefox-bin" "--marionette" "-headless" "-foreground" "-no-remote" "-profile" "/var/folders/sp/md_f_4_n2x5dynv8ffbzb5240000gn/T/rust_mozprofileBDrakM"
*** You are running in headless mode.
console.warn: SearchSettings: "get: No settings file exists, new profile?" (new Error("", "(unknown module)"))
1617740597490	Marionette	INFO	Listening on port 50306
1617740597570	Marionette	WARN	TLS certificate errors will be ignored for this session
JavaScript warning: https://www.monster.com/assets/jobs/static/js/0.1552ace9.chunk.js, line 1: Failed to create WebGL context: WebGL creation failed: 
* Can't use WebGL in headless mode (https://bugzil.la/1375585).
JavaScript warning: https://www.monster.com/assets/jobs/static/js/0.1552ace9.chunk.js, line 1: Failed to create WebGL context: WebGL creation failed: 
* Can't use WebGL in headless mode (https://bugzil.la/1375585).
JavaScript error: https://cdn.cookielaw.org/scripttemplates/otSDKStub.js, line 1: SyntaxError: JSON.parse: unexpected end of data at line 1 column 1 of the JSON data
1617740652359	geckodriver	INFO	Listening on 127.0.0.1:50435
1617740653249	mozrunner::runner	INFO	Running command: "/Applications/Firefox.app/Contents/MacOS/firefox-bin" "--marionette" "-headless" "-foreground" "-no-remote" "-profile" "/var/folders/sp/md_f_4_n2x5dynv8ffbzb5240000gn/T/rust_mozprofilefYJ0nI"
*** You are running in headless mode.
console.warn: SearchSettings: "get: No settings file exists, new profile?" (new Error("", "(unknown module)"))
1617740658430	Marionette	INFO	Listening on port 50447
1617740658482	Marionette	WARN	TLS certificate errors will be ignored for this session
JavaScript warning: https://www.monster.com/assets/jobs/static/js/0.1552ace9.chunk.js, line 1: Failed to create WebGL context: WebGL creation failed: 
* Can't use WebGL in headless mode (https://bugzil.la/1375585).
JavaScript warning: https://www.monster.com/assets/jobs/static/js/0.1552ace9.chunk.js, line 1: Failed to create WebGL context: WebGL creation failed: 
* Can't use WebGL in headless mode (https://bugzil.la/1375585).
JavaScript error: https://cdn.cookielaw.org/scripttemplates/otSDKStub.js, line 1: SyntaxError: JSON.parse: unexpected end of data at line 1 column 1 of the JSON data
1617740690829	geckodriver	INFO	Listening on 127.0.0.1:50588
1617740691825	mozrunner::runner	INFO	Running command: "/Applications/Firefox.app/Contents/MacOS/firefox-bin" "--marionette" "-headless" "-foreground" "-no-remote" "-profile" "/var/folders/sp/md_f_4_n2x5dynv8ffbzb5240000gn/T/rust_mozprofilexl4N0E"
*** You are running in headless mode.
console.warn: SearchSettings: "get: No settings file exists, new profile?" (new Error("", "(unknown module)"))
1617740694767	Marionette	INFO	Listening on port 50599
1617740694849	Marionette	WARN	TLS certificate errors will be ignored for this session
JavaScript warning: https://www.monster.com/assets/jobs/static/js/0.1552ace9.chunk.js, line 1: Failed to create WebGL context: WebGL creation failed: 
* Can't use WebGL in headless mode (https://bugzil.la/1375585).
JavaScript warning: https://www.monster.com/assets/jobs/static/js/0.1552ace9.chunk.js, line 1: Failed to create WebGL context: WebGL creation failed: 
* Can't use WebGL in headless mode (https://bugzil.la/1375585).
JavaScript error: https://cdn.cookielaw.org/scripttemplates/otSDKStub.js, line 1: SyntaxError: JSON.parse: unexpected end of data at line 1 column 1 of the JSON data
1617740799855	geckodriver	INFO	Listening on 127.0.0.1:50779
1617740800913	mozrunner::runner	INFO	Running command: "/Applications/Firefox.app/Contents/MacOS/firefox-bin" "--marionette" "-headless" "-foreground" "-no-remote" "-profile" "/var/folders/sp/md_f_4_n2x5dynv8ffbzb5240000gn/T/rust_mozprofile1gbubN"
*** You are running in headless mode.
console.warn: SearchSettings: "get: No settings file exists, new profile?" (new Error("", "(unknown module)"))
1617740803934	Marionette	INFO	Listening on port 50790
1617740804031	Marionette	WARN	TLS certificate errors will be ignored for this session
JavaScript warning: https://www.monster.com/assets/jobs/static/js/0.1552ace9.chunk.js, line 1: Failed to create WebGL context: WebGL creation failed: 
* Can't use WebGL in headless mode (https://bugzil.la/1375585).
JavaScript warning: https://www.monster.com/assets/jobs/static/js/0.1552ace9.chunk.js, line 1: Failed to create WebGL context: WebGL creation failed: 
* Can't use WebGL in headless mode (https://bugzil.la/1375585).
JavaScript error: https://cdn.cookielaw.org/scripttemplates/otSDKStub.js, line 1: SyntaxError: JSON.parse: unexpected end of data at line 1 column 1 of the JSON data
JavaScript error: https://cdn.cookielaw.org/scripttemplates/otSDKStub.js, line 1: SyntaxError: JSON.parse: unexpected end of data at line 1 column 1 of the JSON data
JavaScript error: https://cdn.cookielaw.org/scripttemplates/otSDKStub.js, line 1: SyntaxError: JSON.parse: unexpected end of data at line 1 column 1 of the JSON data
Exiting due to channel error.
Exiting due to channel error.
Exiting due to channel error.
1617740839750	geckodriver	INFO	Listening on 127.0.0.1:50920
1617740840751	mozrunner::runner	INFO	Running command: "/Applications/Firefox.app/Contents/MacOS/firefox-bin" "--marionette" "-headless" "-foreground" "-no-remote" "-profile" "/var/folders/sp/md_f_4_n2x5dynv8ffbzb5240000gn/T/rust_mozprofileTeWIkC"
*** You are running in headless mode.
console.warn: SearchSettings: "get: No settings file exists, new profile?" (new Error("", "(unknown module)"))
1617740843731	Marionette	INFO	Listening on port 50931
1617740843770	Marionette	WARN	TLS certificate errors will be ignored for this session
JavaScript warning: https://www.monster.com/assets/jobs/static/js/0.1552ace9.chunk.js, line 1: Failed to create WebGL context: WebGL creation failed: 
* Can't use WebGL in headless mode (https://bugzil.la/1375585).
JavaScript warning: https://www.monster.com/assets/jobs/static/js/0.1552ace9.chunk.js, line 1: Failed to create WebGL context: WebGL creation failed: 
* Can't use WebGL in headless mode (https://bugzil.la/1375585).
JavaScript error: https://cdn.cookielaw.org/scripttemplates/otSDKStub.js, line 1: SyntaxError: JSON.parse: unexpected end of data at line 1 column 1 of the JSON data
JavaScript error: https://cdn.cookielaw.org/scripttemplates/otSDKStub.js, line 1: SyntaxError: JSON.parse: unexpected end of data at line 1 column 1 of the JSON data
console.log: WebExtensions: reset-default-search: No addons in our list are installed.
JavaScript error: https://cdn.cookielaw.org/scripttemplates/otSDKStub.js, line 1: SyntaxError: JSON.parse: unexpected end of data at line 1 column 1 of the JSON data
JavaScript error: https://cdn.cookielaw.org/scripttemplates/otSDKStub.js, line 1: SyntaxError: JSON.parse: unexpected end of data at line 1 column 1 of the JSON data
JavaScript error: https://cdn.cookielaw.org/scripttemplates/otSDKStub.js, line 1: SyntaxError: JSON.parse: unexpected end of data at line 1 column 1 of the JSON data
JavaScript error: https://cdn.cookielaw.org/scripttemplates/otSDKStub.js, line 1: SyntaxError: JSON.parse: unexpected end of data at line 1 column 1 of the JSON data
console.log: WebExtensions: reset-default-search: No addons in our list are installed.
console.log: WebExtensions: reset-default-search: No addons in our list are installed.
console.log: WebExtensions: reset-default-search: No addons in our list are installed.
console.log: WebExtensions: reset-default-search: No addons in our list are installed.
1617806425600	geckodriver	INFO	Listening on 127.0.0.1:55345
1617806426614	mozrunner::runner	INFO	Running command: "/Applications/Firefox.app/Contents/MacOS/firefox-bin" "--marionette" "-headless" "-foreground" "-no-remote" "-profile" "/var/folders/sp/md_f_4_n2x5dynv8ffbzb5240000gn/T/rust_mozprofileHP2nkG"
*** You are running in headless mode.
console.warn: SearchSettings: "get: No settings file exists, new profile?" (new Error("", "(unknown module)"))
1617806432687	Marionette	INFO	Listening on port 55356
1617806432803	Marionette	WARN	TLS certificate errors will be ignored for this session
1617806676859	geckodriver	INFO	Listening on 127.0.0.1:55662
1617806677875	mozrunner::runner	INFO	Running command: "/Applications/Firefox.app/Contents/MacOS/firefox-bin" "--marionette" "-headless" "-foreground" "-no-remote" "-profile" "/var/folders/sp/md_f_4_n2x5dynv8ffbzb5240000gn/T/rust_mozprofileZTCQpM"
*** You are running in headless mode.
console.warn: SearchSettings: "get: No settings file exists, new profile?" (new Error("", "(unknown module)"))
1617806680160	Marionette	INFO	Listening on port 55673
1617806680175	Marionette	WARN	TLS certificate errors will be ignored for this session
JavaScript warning: https://www.monster.com/assets/jobs/static/js/0.27dd5a3d.chunk.js, line 1: Failed to create WebGL context: WebGL creation failed: 
* Can't use WebGL in headless mode (https://bugzil.la/1375585).
JavaScript warning: https://www.monster.com/assets/jobs/static/js/0.27dd5a3d.chunk.js, line 1: Failed to create WebGL context: WebGL creation failed: 
* Can't use WebGL in headless mode (https://bugzil.la/1375585).
JavaScript error: https://cdn.cookielaw.org/scripttemplates/otSDKStub.js, line 1: SyntaxError: JSON.parse: unexpected end of data at line 1 column 1 of the JSON data
JavaScript error: https://cdn.cookielaw.org/scripttemplates/otSDKStub.js, line 1: SyntaxError: JSON.parse: unexpected end of data at line 1 column 1 of the JSON data
JavaScript error: https://cdn.cookielaw.org/scripttemplates/otSDKStub.js, line 1: SyntaxError: JSON.parse: unexpected end of data at line 1 column 1 of the JSON data
JavaScript error: https://cdn.cookielaw.org/scripttemplates/otSDKStub.js, line 1: SyntaxError: JSON.parse: unexpected end of data at line 1 column 1 of the JSON data
JavaScript error: https://cdn.cookielaw.org/scripttemplates/otSDKStub.js, line 1: SyntaxError: JSON.parse: unexpected end of data at line 1 column 1 of the JSON data
JavaScript error: https://cdn.cookielaw.org/scripttemplates/otSDKStub.js, line 1: SyntaxError: JSON.parse: unexpected end of data at line 1 column 1 of the JSON data
1617806816499	geckodriver	INFO	Listening on 127.0.0.1:55849
1617806817514	mozrunner::runner	INFO	Running command: "/Applications/Firefox.app/Contents/MacOS/firefox-bin" "--marionette" "-headless" "-foreground" "-no-remote" "-profile" "/var/folders/sp/md_f_4_n2x5dynv8ffbzb5240000gn/T/rust_mozprofileRtryKA"
*** You are running in headless mode.
console.warn: SearchSettings: "get: No settings file exists, new profile?" (new Error("", "(unknown module)"))
1617806820056	Marionette	INFO	Listening on port 55860
1617806820136	Marionette	WARN	TLS certificate errors will be ignored for this session
JavaScript warning: https://www.monster.com/assets/jobs/static/js/0.27dd5a3d.chunk.js, line 1: Failed to create WebGL context: WebGL creation failed: 
* Can't use WebGL in headless mode (https://bugzil.la/1375585).
JavaScript warning: https://www.monster.com/assets/jobs/static/js/0.27dd5a3d.chunk.js, line 1: Failed to create WebGL context: WebGL creation failed: 
* Can't use WebGL in headless mode (https://bugzil.la/1375585).
JavaScript error: https://cdn.cookielaw.org/scripttemplates/otSDKStub.js, line 1: SyntaxError: JSON.parse: unexpected end of data at line 1 column 1 of the JSON data
JavaScript error: https://cdn.cookielaw.org/scripttemplates/otSDKStub.js, line 1: SyntaxError: JSON.parse: unexpected end of data at line 1 column 1 of the JSON data
JavaScript error: https://cdn.cookielaw.org/scripttemplates/otSDKStub.js, line 1: SyntaxError: JSON.parse: unexpected end of data at line 1 column 1 of the JSON data
JavaScript error: https://cdn.cookielaw.org/scripttemplates/otSDKStub.js, line 1: SyntaxError: JSON.parse: unexpected end of data at line 1 column 1 of the JSON data
JavaScript error: https://cdn.cookielaw.org/scripttemplates/otSDKStub.js, line 1: SyntaxError: JSON.parse: unexpected end of data at line 1 column 1 of the JSON data
JavaScript error: https://cdn.cookielaw.org/scripttemplates/otSDKStub.js, line 1: SyntaxError: JSON.parse: unexpected end of data at line 1 column 1 of the JSON data
console.log: WebExtensions: reset-default-search: No addons in our list are installed.
console.log: WebExtensions: reset-default-search: No addons in our list are installed.
console.log: WebExtensions: reset-default-search: No addons in our list are installed.
1617812964067	geckodriver	INFO	Listening on 127.0.0.1:57653
1617812965066	mozrunner::runner	INFO	Running command: "/Applications/Firefox.app/Contents/MacOS/firefox-bin" "--marionette" "-headless" "-foreground" "-no-remote" "-profile" "/var/folders/sp/md_f_4_n2x5dynv8ffbzb5240000gn/T/rust_mozprofilevpiZ4n"
*** You are running in headless mode.
console.warn: SearchSettings: "get: No settings file exists, new profile?" (new Error("", "(unknown module)"))
1617812968069	Marionette	INFO	Listening on port 57664
1617812968087	Marionette	WARN	TLS certificate errors will be ignored for this session
JavaScript warning: https://www.monster.com/assets/jobs/static/js/0.27dd5a3d.chunk.js, line 1: Failed to create WebGL context: WebGL creation failed: 
* Can't use WebGL in headless mode (https://bugzil.la/1375585).
JavaScript warning: https://www.monster.com/assets/jobs/static/js/0.27dd5a3d.chunk.js, line 1: Failed to create WebGL context: WebGL creation failed: 
* Can't use WebGL in headless mode (https://bugzil.la/1375585).
JavaScript error: https://cdn.cookielaw.org/scripttemplates/otSDKStub.js, line 1: SyntaxError: JSON.parse: unexpected end of data at line 1 column 1 of the JSON data
JavaScript error: https://cdn.cookielaw.org/scripttemplates/otSDKStub.js, line 1: SyntaxError: JSON.parse: unexpected end of data at line 1 column 1 of the JSON data
JavaScript error: https://cdn.cookielaw.org/scripttemplates/otSDKStub.js, line 1: SyntaxError: JSON.parse: unexpected end of data at line 1 column 1 of the JSON data
JavaScript error: https://cdn.cookielaw.org/scripttemplates/otSDKStub.js, line 1: SyntaxError: JSON.parse: unexpected end of data at line 1 column 1 of the JSON data
JavaScript error: https://cdn.cookielaw.org/scripttemplates/otSDKStub.js, line 1: SyntaxError: JSON.parse: unexpected end of data at line 1 column 1 of the JSON data
JavaScript error: https://cdn.cookielaw.org/scripttemplates/otSDKStub.js, line 1: SyntaxError: JSON.parse: unexpected end of data at line 1 column 1 of the JSON data
console.log: WebExtensions: reset-default-search: No addons in our list are installed.
1617828438620	geckodriver	INFO	Listening on 127.0.0.1:63163
1617828439627	mozrunner::runner	INFO	Running command: "/Applications/Firefox.app/Contents/MacOS/firefox-bin" "--marionette" "-headless" "-foreground" "-no-remote" "-profile" "/var/folders/sp/md_f_4_n2x5dynv8ffbzb5240000gn/T/rust_mozprofileJfLLFv"
*** You are running in headless mode.
console.warn: SearchSettings: "get: No settings file exists, new profile?" (new Error("", "(unknown module)"))
1617828442922	Marionette	INFO	Listening on port 63174
1617828442957	Marionette	WARN	TLS certificate errors will be ignored for this session
Exiting due to channel error.
Exiting due to channel error.
Exiting due to channel error.
1617828451615	geckodriver	INFO	Listening on 127.0.0.1:63266
1617828452628	mozrunner::runner	INFO	Running command: "/Applications/Firefox.app/Contents/MacOS/firefox-bin" "--marionette" "-headless" "-foreground" "-no-remote" "-profile" "/var/folders/sp/md_f_4_n2x5dynv8ffbzb5240000gn/T/rust_mozprofileiHcj0V"
*** You are running in headless mode.
console.warn: SearchSettings: "get: No settings file exists, new profile?" (new Error("", "(unknown module)"))
1617828455246	Marionette	INFO	Listening on port 63279
1617828455356	Marionette	WARN	TLS certificate errors will be ignored for this session
JavaScript warning: https://www.monster.com/assets/jobs/static/js/0.1fb5757c.chunk.js, line 1: Failed to create WebGL context: WebGL creation failed: 
* Can't use WebGL in headless mode (https://bugzil.la/1375585).
JavaScript warning: https://www.monster.com/assets/jobs/static/js/0.1fb5757c.chunk.js, line 1: Failed to create WebGL context: WebGL creation failed: 
* Can't use WebGL in headless mode (https://bugzil.la/1375585).
JavaScript error: https://cdn.cookielaw.org/scripttemplates/otSDKStub.js, line 1: SyntaxError: JSON.parse: unexpected end of data at line 1 column 1 of the JSON data
JavaScript error: https://cdn.cookielaw.org/scripttemplates/otSDKStub.js, line 1: SyntaxError: JSON.parse: unexpected end of data at line 1 column 1 of the JSON data
JavaScript error: https://cdn.cookielaw.org/scripttemplates/otSDKStub.js, line 1: SyntaxError: JSON.parse: unexpected end of data at line 1 column 1 of the JSON data
JavaScript error: https://cdn.cookielaw.org/scripttemplates/otSDKStub.js, line 1: SyntaxError: JSON.parse: unexpected end of data at line 1 column 1 of the JSON data
JavaScript error: https://cdn.cookielaw.org/scripttemplates/otSDKStub.js, line 1: SyntaxError: JSON.parse: unexpected end of data at line 1 column 1 of the JSON data
console.log: WebExtensions: reset-default-search: No addons in our list are installed.
1617832468102	geckodriver	INFO	Listening on 127.0.0.1:65109
1617832469120	mozrunner::runner	INFO	Running command: "/Applications/Firefox.app/Contents/MacOS/firefox-bin" "--marionette" "-headless" "-foreground" "-no-remote" "-profile" "/var/folders/sp/md_f_4_n2x5dynv8ffbzb5240000gn/T/rust_mozprofileMp6Aor"
*** You are running in headless mode.
console.warn: SearchSettings: "get: No settings file exists, new profile?" (new Error("", "(unknown module)"))
1617832473336	Marionette	INFO	Listening on port 65121
1617832473380	Marionette	WARN	TLS certificate errors will be ignored for this session
JavaScript warning: https://www.monster.com/assets/jobs/static/js/0.1fb5757c.chunk.js, line 1: Failed to create WebGL context: WebGL creation failed: 
* Can't use WebGL in headless mode (https://bugzil.la/1375585).
JavaScript warning: https://www.monster.com/assets/jobs/static/js/0.1fb5757c.chunk.js, line 1: Failed to create WebGL context: WebGL creation failed: 
* Can't use WebGL in headless mode (https://bugzil.la/1375585).
JavaScript error: https://cdn.cookielaw.org/scripttemplates/otSDKStub.js, line 1: SyntaxError: JSON.parse: unexpected end of data at line 1 column 1 of the JSON data
JavaScript error: https://cdn.cookielaw.org/scripttemplates/otSDKStub.js, line 1: SyntaxError: JSON.parse: unexpected end of data at line 1 column 1 of the JSON data
JavaScript error: https://cdn.cookielaw.org/scripttemplates/otSDKStub.js, line 1: SyntaxError: JSON.parse: unexpected end of data at line 1 column 1 of the JSON data
JavaScript error: https://cdn.cookielaw.org/scripttemplates/otSDKStub.js, line 1: SyntaxError: JSON.parse: unexpected end of data at line 1 column 1 of the JSON data
JavaScript error: https://cdn.cookielaw.org/scripttemplates/otSDKStub.js, line 1: SyntaxError: JSON.parse: unexpected end of data at line 1 column 1 of the JSON data
1617832727816	geckodriver	INFO	Listening on 127.0.0.1:65333
1617832728830	mozrunner::runner	INFO	Running command: "/Applications/Firefox.app/Contents/MacOS/firefox-bin" "--marionette" "-headless" "-foreground" "-no-remote" "-profile" "/var/folders/sp/md_f_4_n2x5dynv8ffbzb5240000gn/T/rust_mozprofileUszILr"
*** You are running in headless mode.
console.warn: SearchSettings: "get: No settings file exists, new profile?" (new Error("", "(unknown module)"))
1617832731480	Marionette	INFO	Listening on port 65344
1617832731529	Marionette	WARN	TLS certificate errors will be ignored for this session
JavaScript warning: https://www.monster.com/assets/jobs/static/js/0.1fb5757c.chunk.js, line 1: Failed to create WebGL context: WebGL creation failed: 
* Can't use WebGL in headless mode (https://bugzil.la/1375585).
JavaScript warning: https://www.monster.com/assets/jobs/static/js/0.1fb5757c.chunk.js, line 1: Failed to create WebGL context: WebGL creation failed: 
* Can't use WebGL in headless mode (https://bugzil.la/1375585).
JavaScript error: https://cdn.cookielaw.org/scripttemplates/otSDKStub.js, line 1: SyntaxError: JSON.parse: unexpected end of data at line 1 column 1 of the JSON data
JavaScript error: https://cdn.cookielaw.org/scripttemplates/otSDKStub.js, line 1: SyntaxError: JSON.parse: unexpected end of data at line 1 column 1 of the JSON data
JavaScript error: https://cdn.cookielaw.org/scripttemplates/otSDKStub.js, line 1: SyntaxError: JSON.parse: unexpected end of data at line 1 column 1 of the JSON data
JavaScript error: https://cdn.cookielaw.org/scripttemplates/otSDKStub.js, line 1: SyntaxError: JSON.parse: unexpected end of data at line 1 column 1 of the JSON data
JavaScript error: https://cdn.cookielaw.org/scripttemplates/otSDKStub.js, line 1: SyntaxError: JSON.parse: unexpected end of data at line 1 column 1 of the JSON data
console.log: WebExtensions: reset-default-search: No addons in our list are installed.
console.log: WebExtensions: reset-default-search: No addons in our list are installed.
